Determining if the pthread_create exist failed with the following output:
Change Dir: /home/sourabh/Desktop/Udacity/workspace/RoboND/build/CMakeFiles/CMakeTmp

Run Build Command:"/usr/bin/make" "cmTC_331dd/fast"
/usr/bin/make -f CMakeFiles/cmTC_331dd.dir/build.make CMakeFiles/cmTC_331dd.dir/build
make[1]: Entering directory '/home/sourabh/Desktop/Udacity/workspace/RoboND/build/CMakeFiles/CMakeTmp'
Building C object CMakeFiles/cmTC_331dd.dir/CheckSymbolExists.c.o
/usr/bin/cc    -o CMakeFiles/cmTC_331dd.dir/CheckSymbolExists.c.o   -c /home/sourabh/Desktop/Udacity/workspace/RoboND/build/CMakeFiles/CMakeTmp/CheckSymbolExists.c
Linking C executable cmTC_331dd
/usr/bin/cmake -E cmake_link_script CMakeFiles/cmTC_331dd.dir/link.txt --verbose=1
/usr/bin/cc      -rdynamic CMakeFiles/cmTC_331dd.dir/CheckSymbolExists.c.o  -o cmTC_331dd 
CMakeFiles/cmTC_331dd.dir/CheckSymbolExists.c.o: In function `main':
CheckSymbolExists.c:(.text+0x1b): undefined reference to `pthread_create'
collect2: error: ld returned 1 exit status
CMakeFiles/cmTC_331dd.dir/build.make:97: recipe for target 'cmTC_331dd' failed
make[1]: *** [cmTC_331dd] Error 1
make[1]: Leaving directory '/home/sourabh/Desktop/Udacity/workspace/RoboND/build/CMakeFiles/CMakeTmp'
Makefile:126: recipe for target 'cmTC_331dd/fast' failed
make: *** [cmTC_331dd/fast] Error 2

File /home/sourabh/Desktop/Udacity/workspace/RoboND/build/CMakeFiles/CMakeTmp/CheckSymbolExists.c:
/* */
#include <pthread.h>

int main(int argc, char** argv)
{
  (void)argv;
#ifndef pthread_create
  return ((int*)(&pthread_create))[argc];
#else
  (void)argc;
  return 0;
#endif
}

Determining if the function pthread_create exists in the pthreads failed with the following output:
Change Dir: /home/sourabh/Desktop/Udacity/workspace/RoboND/build/CMakeFiles/CMakeTmp

Run Build Command:"/usr/bin/make" "cmTC_3c715/fast"
/usr/bin/make -f CMakeFiles/cmTC_3c715.dir/build.make CMakeFiles/cmTC_3c715.dir/build
make[1]: Entering directory '/home/sourabh/Desktop/Udacity/workspace/RoboND/build/CMakeFiles/CMakeTmp'
Building C object CMakeFiles/cmTC_3c715.dir/CheckFunctionExists.c.o
/usr/bin/cc   -DCHECK_FUNCTION_EXISTS=pthread_create   -o CMakeFiles/cmTC_3c715.dir/CheckFunctionExists.c.o   -c /usr/share/cmake-3.10/Modules/CheckFunctionExists.c
Linking C executable cmTC_3c715
/usr/bin/cmake -E cmake_link_script CMakeFiles/cmTC_3c715.dir/link.txt --verbose=1
/usr/bin/cc  -DCHECK_FUNCTION_EXISTS=pthread_create    -rdynamic CMakeFiles/cmTC_3c715.dir/CheckFunctionExists.c.o  -o cmTC_3c715 -lpthreads 
/usr/bin/ld: cannot find -lpthreads
collect2: error: ld returned 1 exit status
CMakeFiles/cmTC_3c715.dir/build.make:97: recipe for target 'cmTC_3c715' failed
make[1]: *** [cmTC_3c715] Error 1
make[1]: Leaving directory '/home/sourabh/Desktop/Udacity/workspace/RoboND/build/CMakeFiles/CMakeTmp'
Makefile:126: recipe for target 'cmTC_3c715/fast' failed
make: *** [cmTC_3c715/fast] Error 2


